e:\3d graphics assignment\assignment\game project\orbis_debug\ptcontroller.o
e:\3d graphics assignment\assignment\game project\orbis_debug\bullet.o
e:\3d graphics assignment\assignment\game project\orbis_debug\collisioncomponent.o
e:\3d graphics assignment\assignment\game project\orbis_debug\enemy.o
e:\3d graphics assignment\assignment\game project\orbis_debug\level.o
e:\3d graphics assignment\assignment\game project\orbis_debug\main.o
e:\3d graphics assignment\assignment\game project\orbis_debug\menu.o
e:\3d graphics assignment\assignment\game project\orbis_debug\playerobject.o
e:\3d graphics assignment\assignment\game project\orbis_debug\ptassetmanager.o
e:\3d graphics assignment\assignment\game project\orbis_debug\ptcamera.o
e:\3d graphics assignment\assignment\game project\orbis_debug\pthudtextitem.o
e:\3d graphics assignment\assignment\game project\orbis_debug\ptlight.o
e:\3d graphics assignment\assignment\game project\orbis_debug\ptlightenvironment.o
e:\3d graphics assignment\assignment\game project\orbis_debug\ptmaterial.o
e:\3d graphics assignment\assignment\game project\orbis_debug\ptobject.o
e:\3d graphics assignment\assignment\game project\orbis_debug\ptpipeline.o
e:\3d graphics assignment\assignment\game project\orbis_debug\shuttle.o
e:\3d graphics assignment\assignment\game project\orbis_debug\ptdrawmanager.o
e:\3d graphics assignment\assignment\game project\orbis_debug\ptmodel.o
e:\3d graphics assignment\assignment\game project\orbis_debug\explosionring.o
e:\3d graphics assignment\orbis_debug\game project.elf
e:\3d graphics assignment\orbis_debug\pthudshader_p.sb
e:\3d graphics assignment\orbis_debug\pthudshader_vv.sb
e:\3d graphics assignment\orbis_debug\ptmmmshader_p.sb
e:\3d graphics assignment\orbis_debug\ptmmmshader_vv.sb
e:\3d graphics assignment\orbis_debug\pttdmshader_p.sb
e:\3d graphics assignment\orbis_debug\pttdmshader_vv.sb
e:\3d graphics assignment\orbis_debug\pttdtshader_p.sb
e:\3d graphics assignment\orbis_debug\pttdtshader_vv.sb
e:\3d graphics assignment\orbis_debug\ptvvmshader_vv.sb
e:\3d graphics assignment\orbis_debug\ptvvmshader_p.sb
e:\3d graphics assignment\assignment\game project\..\..\orbis_debug\game project.elf
e:\3d graphics assignment\assignment\game project\orbis_debug\game project.tlog\orbis-clang-cl.command.1.tlog
e:\3d graphics assignment\assignment\game project\orbis_debug\game project.tlog\orbis-clang-cl.read.1.tlog
e:\3d graphics assignment\assignment\game project\orbis_debug\game project.tlog\orbis-clang-cl.write.1.tlog
e:\3d graphics assignment\assignment\game project\orbis_debug\game project.tlog\orbis-ld.command.1.tlog
e:\3d graphics assignment\assignment\game project\orbis_debug\game project.tlog\orbis-ld.delete.1.tlog
e:\3d graphics assignment\assignment\game project\orbis_debug\game project.tlog\orbis-ld.read.1.tlog
e:\3d graphics assignment\assignment\game project\orbis_debug\game project.tlog\orbis-ld.write.1.tlog
e:\3d graphics assignment\assignment\game project\orbis_debug\game project.tlog\orbis-wave-psslc.command.1.tlog
e:\3d graphics assignment\assignment\game project\orbis_debug\game project.tlog\orbis-wave-psslc.read.1.tlog
e:\3d graphics assignment\assignment\game project\orbis_debug\game project.tlog\orbis-wave-psslc.write.1.tlog
